[2020-01-24][23:12:19][raymarch][INFO] Beginning render
[2020-01-24][23:12:33][raymarch][INFO] Beginning render
[2020-01-24][23:13:48][raymarch][INFO] Beginning render
[2020-01-24][23:15:38][raymarch][[37mINFO[0m] Beginning render
[2020-01-24][23:16:56][raymarch][[37mDEBUG[0m] DBG message
[2020-01-24][23:16:56][raymarch][[37mINFO[0m] Beginning render
[2020-01-24][23:16:56][raymarch][[33mWARN[0m] Warnning msg
[2020-01-24][23:16:56][raymarch][[31mERROR[0m] Error message
[2020-01-24][23:18:59][raymarch][[34mDEBUG[0m] DBG message
[2020-01-24][23:18:59][raymarch][[37mINFO[0m] Beginning render
[2020-01-24][23:18:59][raymarch][[33mWARN[0m] Warnning msg
[2020-01-24][23:18:59][raymarch][[31mERROR[0m] Error message
[2020-01-24][23:19:59][raymarch][[34mDEBUG[0m] DBG message
[2020-01-24][23:19:59][raymarch][[37mINFO[0m] Beginning render
[2020-01-24][23:19:59][raymarch][[33mWARN[0m] Warnning msg
[2020-01-24][23:19:59][raymarch][[31mERROR[0m] Error message
[2020-01-24][23:21:43][raymarch][[34mDEBUG[0m] DBG message
[2020-01-24][23:21:43][raymarch][[37mINFO[0m] Beginning render
[2020-01-24][23:21:43][raymarch][[33mWARN[0m] Warnning msg
[2020-01-24][23:21:43][raymarch][[31mERROR[0m] Error message
[2020-01-24][23:23:41][raymarch][[34mDEBUG[0m] DBG message
[2020-01-24][23:23:41][raymarch][[37mINFO[0m] Beginning render
[2020-01-24][23:23:41][raymarch][[33mWARN[0m] Warnning msg
[2020-01-24][23:23:41][raymarch][[31mERROR[0m] Error message
